<?xml version="1.0" encoding="UTF-8"?>
<!-- Generated by org.testng.reporters.JUnitReportReporter -->
<testsuite hostname="H-ElFekey-Laptop" failures="0" tests="1" name="Tests.BaseTest" time="6.610" errors="0" timestamp="2022-07-11T17:11:55 EET" skipped="0">
  <testcase classname="Tests.BaseTest" name="t1" time="6.610"/>
  <system-out/>
</testsuite> <!-- Tests.BaseTest -->
