<?xml version="1.0" encoding="UTF-8"?>
<!-- Generated by org.testng.reporters.JUnitReportReporter -->
<testsuite hostname="H-ElFekey-Laptop" failures="0" tests="1" name="Tests.t1" time="3.996" errors="0" timestamp="2022-07-14T09:47:31 EET" skipped="0">
  <testcase classname="Tests.t1" name="TC002" time="3.996"/>
  <system-out/>
</testsuite> <!-- Tests.t1 -->
